11:41:51 INFO  : Platform repository initialization has completed.
11:41:51 INFO  : Launching XSCT server: xsct.bat -n  -interactive H:\TesiMagistrale\Github\RISCV_Enc_Load_Store\RISCV-Load-Store-with-OTP-Encription\Vitis_Workspace\temp_xsdb_launch_script.tcl
11:41:51 INFO  : Registering command handlers for Vitis TCF services
11:41:53 INFO  : XSCT server has started successfully.
11:41:53 INFO  : Successfully done setting XSCT server connection channel  
11:41:53 INFO  : plnx-install-location is set to ''
11:41:53 INFO  : Successfully done setting workspace for the tool. 
11:41:53 INFO  : Successfully done query RDI_DATADIR 
11:42:50 INFO  : Result from executing command 'getProjects': RISCV_platform
11:42:50 INFO  : Result from executing command 'getPlatforms': 
11:47:25 ERROR : (XSDB Server)invalid command name "ps7_config"

11:48:49 ERROR : (XSDB Server)Memory read error at 0x80000000. Timeout waiting for the Instruction Complete bit

11:49:35 ERROR : (XSDB Server)Cannot read memory if not stopped. Context ARM Cortex-A9 MPCore #0 state: APB AP transaction error, DAP status 0xF0000021

11:49:49 ERROR : (XSDB Server)Cannot read memory if not stopped. Context ARM Cortex-A9 MPCore #0 state: APB AP transaction error, DAP status 0xF0000021

12:36:09 INFO  : Launching XSCT server: xsct.bat -n  -interactive H:\TesiMagistrale\Github\RISCV_Enc_Load_Store\RISCV-Load-Store-with-OTP-Encription\Vitis_Workspace\temp_xsdb_launch_script.tcl
12:36:12 INFO  : Platform repository initialization has completed.
12:36:12 INFO  : Registering command handlers for Vitis TCF services
12:36:13 INFO  : XSCT server has started successfully.
12:36:16 INFO  : Successfully done setting XSCT server connection channel  
12:36:16 INFO  : plnx-install-location is set to ''
12:36:16 INFO  : Successfully done query RDI_DATADIR 
12:36:16 INFO  : Successfully done setting workspace for the tool. 
12:37:59 INFO  : Result from executing command 'getProjects': RISCV_platform
12:37:59 INFO  : Result from executing command 'getPlatforms': RISCV_platform|H:/TesiMagistrale/Github/RISCV_Enc_Load_Store/RISCV-Load-Store-with-OTP-Encription/Vitis_Workspace/RISCV_platform/export/RISCV_platform/RISCV_platform.xpfm
12:46:35 ERROR : (XSDB Server)Memory read error at 0x80002E28. Timeout waiting for the Instruction Complete bit

12:46:51 ERROR : (XSDB Server)Cannot read memory if not stopped. Context ARM Cortex-A9 MPCore #0 state: APB AP transaction error, DAP status 0xF0000021

12:47:01 ERROR : (XSDB Server)Cannot write memory if not stopped. Context ARM Cortex-A9 MPCore #0 state: APB AP transaction error, DAP status 0xF0000021

12:47:09 ERROR : (XSDB Server)Cannot read memory if not stopped. Context ARM Cortex-A9 MPCore #0 state: APB AP transaction error, DAP status 0xF0000021

12:47:12 ERROR : (XSDB Server)wrong # args: should be "close channelId"

12:47:19 ERROR : (XSDB Server)can not find channel named "channel1"

12:47:23 ERROR : (XSDB Server)can not find channel named "channel2"

12:47:41 ERROR : (XSDB Server)Cannot read memory if not stopped. Context ARM Cortex-A9 MPCore #0 state: APB AP transaction error, DAP status 0xF0000021

12:47:47 ERROR : (XSDB Server)wrong # args: should be "close channelId"

12:47:51 ERROR : (XSDB Server)invalid command name "channelid"

12:48:13 ERROR : (XSDB Server)can not find channel named "2"

12:48:24 ERROR : (XSDB Server)wrong # args: should be "close channelId"

12:48:28 ERROR : (XSDB Server)can not find channel named "channelID"

12:48:32 ERROR : (XSDB Server)can not find channel named "channelId"

12:48:38 ERROR : (XSDB Server)can not find channel named "channelId1"

12:48:40 ERROR : (XSDB Server)can not find channel named "channelId2"

12:48:43 ERROR : (XSDB Server)can not find channel named "channel2"

12:48:59 ERROR : (XSDB Server)can not find channel named "tcfchan#2"

12:49:02 ERROR : (XSDB Server)can not find channel named "tcfchan2"

12:49:03 ERROR : (XSDB Server)can not find channel named "tcfchan"

12:49:30 ERROR : (XSDB Server)Cannot read memory if not stopped. Context ARM Cortex-A9 MPCore #0 state: APB AP transaction error, DAP status 0xF0000021

12:50:16 ERROR : (XSDB Server)Cannot read memory if not stopped. Context ARM Cortex-A9 MPCore #0 state: APB AP transaction error, DAP status 0xF0000021

13:10:46 ERROR : (XSDB Server)Memory read error at 0x80001000. Timeout waiting for the Instruction Complete bit

19:00:09 ERROR : (XSDB Server)Cannot read memory if not stopped. Context ARM Cortex-A9 MPCore #0 state: APB AP transaction error, DAP status 0xF0000021

19:05:45 ERROR : (XSDB Server)Cannot read memory if not stopped. Context ARM Cortex-A9 MPCore #1 state: Access is disabled

19:06:01 ERROR : (XSDB Server)no channel specified

19:07:31 ERROR : (XSDB Server)Memory read error at 0x80001000. Timeout waiting for the Instruction Complete bit

20:07:20 ERROR : (XSDB Server)invalid command name "clear"

20:07:33 INFO  : Result from executing command 'removePlatformRepo': 
20:07:46 INFO  : Result from executing command 'getProjects': RISCV_platform
20:07:46 INFO  : Result from executing command 'getPlatforms': 
20:13:42 ERROR : (XSDB Server)Memory write error at 0x80002E2C. APB AP transaction error, DAP status 0xF0000021

20:13:46 ERROR : (XSDB Server)Cannot write memory if not stopped. Context ARM Cortex-A9 MPCore #0 state: APB AP transaction error, DAP status 0xF0000021

20:13:49 ERROR : (XSDB Server)Cannot read memory if not stopped. Context ARM Cortex-A9 MPCore #0 state: APB AP transaction error, DAP status 0xF0000021

20:13:52 ERROR : (XSDB Server)Cannot read memory if not stopped. Context ARM Cortex-A9 MPCore #0 state: APB AP transaction error, DAP status 0xF0000021

20:13:53 ERROR : (XSDB Server)Cannot read memory if not stopped. Context ARM Cortex-A9 MPCore #0 state: APB AP transaction error, DAP status 0xF0000021

20:14:23 ERROR : (XSDB Server)Memory read error at 0x80002E2C. Timeout waiting for the Instruction Complete bit

20:14:41 ERROR : (XSDB Server)Cannot read memory if not stopped. Context ARM Cortex-A9 MPCore #0 state: APB AP transaction error, DAP status 0xF0000021

23:40:37 ERROR : (XSDB Server)no channel specified

