Vivado Simulator v2021.2
Copyright 1986-1999, 2001-2021 Xilinx, Inc. All Rights Reserved.
Running: H:/TesiMagistrale/Software/Xilinx/Vivado/2021.2/bin/unwrapped/win64.o/xelab.exe --incr --debug typical --relax --mt 2 -L xil_defaultlib -L lib_cdc_v1_0_2 -L proc_sys_reset_v5_0_13 -L axi_lite_ipif_v3_0_4 -L interrupt_control_v3_1_4 -L axi_gpio_v2_0_27 -L generic_baseblocks_v2_1_0 -L axi_infrastructure_v1_1_0 -L axi_register_slice_v2_1_25 -L fifo_generator_v13_2_6 -L axi_data_fifo_v2_1_24 -L axi_crossbar_v2_1_26 -L axi_vip_v1_1_11 -L processing_system7_vip_v1_0_13 -L axi_protocol_converter_v2_1_25 -L uvm -L xilinx_vip -L unisims_ver -L unimacro_ver -L secureip -L xpm --snapshot tb_riscv_wrapper_behav xil_defaultlib.tb_riscv_wrapper xil_defaultlib.glbl -log elaborate.log 
Using 2 slave threads.
Starting static elaboration
Pass Through NonSizing Optimizer
WARNING: [VRFC 10-3091] actual bit length 128 differs from formal bit length 64 for port 'WR_DATA_STRB' [../../../../RISCV_project.gen/sources_1/bd/RISCV_demonstrator/ipshared/3007/hdl/processing_system7_vip_v1_0_13_axi_gp.v:208]
WARNING: [VRFC 10-3091] actual bit length 12 differs from formal bit length 6 for port 'm_axi_bid' [H:/TesiMagistrale/Github/RISCV_Enc_Load_Store/RISCV-Load-Store-with-OTP-Encription/RISCV_project/RISCV_project.gen/sources_1/bd/RISCV_demonstrator/ipshared/3007/hdl/processing_system7_vip_v1_0_vl_rfs.sv:5546]
WARNING: [VRFC 10-3091] actual bit length 12 differs from formal bit length 6 for port 'm_axi_rid' [H:/TesiMagistrale/Github/RISCV_Enc_Load_Store/RISCV-Load-Store-with-OTP-Encription/RISCV_project/RISCV_project.gen/sources_1/bd/RISCV_demonstrator/ipshared/3007/hdl/processing_system7_vip_v1_0_vl_rfs.sv:5564]
WARNING: [VRFC 10-3091] actual bit length 128 differs from formal bit length 64 for port 'WR_DATA_STRB' [../../../../RISCV_project.gen/sources_1/bd/RISCV_demonstrator/ipshared/3007/hdl/processing_system7_vip_v1_0_13_axi_gp.v:292]
WARNING: [VRFC 10-3091] actual bit length 8 differs from formal bit length 9 for port 'WR_BYTES' [../../../../RISCV_project.gen/sources_1/bd/RISCV_demonstrator/ipshared/3007/hdl/processing_system7_vip_v1_0_13_axi_hp.v:80]
WARNING: [VRFC 10-3091] actual bit length 8 differs from formal bit length 9 for port 'RD_BYTES' [../../../../RISCV_project.gen/sources_1/bd/RISCV_demonstrator/ipshared/3007/hdl/processing_system7_vip_v1_0_13_axi_hp.v:89]
WARNING: [VRFC 10-3091] actual bit length 12 differs from formal bit length 6 for port 'm_axi_bid' [H:/TesiMagistrale/Github/RISCV_Enc_Load_Store/RISCV-Load-Store-with-OTP-Encription/RISCV_project/RISCV_project.gen/sources_1/bd/RISCV_demonstrator/ipshared/3007/hdl/processing_system7_vip_v1_0_vl_rfs.sv:10256]
WARNING: [VRFC 10-3091] actual bit length 12 differs from formal bit length 6 for port 'm_axi_rid' [H:/TesiMagistrale/Github/RISCV_Enc_Load_Store/RISCV-Load-Store-with-OTP-Encription/RISCV_project/RISCV_project.gen/sources_1/bd/RISCV_demonstrator/ipshared/3007/hdl/processing_system7_vip_v1_0_vl_rfs.sv:10274]
WARNING: [VRFC 10-3091] actual bit length 32 differs from formal bit length 64 for port 'm_axi_rdata' [H:/TesiMagistrale/Github/RISCV_Enc_Load_Store/RISCV-Load-Store-with-OTP-Encription/RISCV_project/RISCV_project.gen/sources_1/bd/RISCV_demonstrator/ipshared/3007/hdl/processing_system7_vip_v1_0_vl_rfs.sv:10275]
WARNING: [VRFC 10-3091] actual bit length 8 differs from formal bit length 9 for port 'WR_BYTES' [../../../../RISCV_project.gen/sources_1/bd/RISCV_demonstrator/ipshared/3007/hdl/processing_system7_vip_v1_0_13_axi_hp.v:165]
WARNING: [VRFC 10-3091] actual bit length 8 differs from formal bit length 9 for port 'RD_BYTES' [../../../../RISCV_project.gen/sources_1/bd/RISCV_demonstrator/ipshared/3007/hdl/processing_system7_vip_v1_0_13_axi_hp.v:174]
WARNING: [VRFC 10-3091] actual bit length 8 differs from formal bit length 9 for port 'WR_BYTES' [../../../../RISCV_project.gen/sources_1/bd/RISCV_demonstrator/ipshared/3007/hdl/processing_system7_vip_v1_0_13_axi_hp.v:251]
WARNING: [VRFC 10-3091] actual bit length 8 differs from formal bit length 9 for port 'RD_BYTES' [../../../../RISCV_project.gen/sources_1/bd/RISCV_demonstrator/ipshared/3007/hdl/processing_system7_vip_v1_0_13_axi_hp.v:260]
WARNING: [VRFC 10-3091] actual bit length 8 differs from formal bit length 9 for port 'WR_BYTES' [../../../../RISCV_project.gen/sources_1/bd/RISCV_demonstrator/ipshared/3007/hdl/processing_system7_vip_v1_0_13_axi_hp.v:337]
WARNING: [VRFC 10-3091] actual bit length 8 differs from formal bit length 9 for port 'RD_BYTES' [../../../../RISCV_project.gen/sources_1/bd/RISCV_demonstrator/ipshared/3007/hdl/processing_system7_vip_v1_0_13_axi_hp.v:346]
WARNING: [VRFC 10-3091] actual bit length 12 differs from formal bit length 3 for port 'm_axi_bid' [H:/TesiMagistrale/Github/RISCV_Enc_Load_Store/RISCV-Load-Store-with-OTP-Encription/RISCV_project/RISCV_project.gen/sources_1/bd/RISCV_demonstrator/ipshared/3007/hdl/processing_system7_vip_v1_0_vl_rfs.sv:7157]
WARNING: [VRFC 10-3091] actual bit length 12 differs from formal bit length 3 for port 'm_axi_rid' [H:/TesiMagistrale/Github/RISCV_Enc_Load_Store/RISCV-Load-Store-with-OTP-Encription/RISCV_project/RISCV_project.gen/sources_1/bd/RISCV_demonstrator/ipshared/3007/hdl/processing_system7_vip_v1_0_vl_rfs.sv:7175]
WARNING: [VRFC 10-3091] actual bit length 32 differs from formal bit length 64 for port 'm_axi_rdata' [H:/TesiMagistrale/Github/RISCV_Enc_Load_Store/RISCV-Load-Store-with-OTP-Encription/RISCV_project/RISCV_project.gen/sources_1/bd/RISCV_demonstrator/ipshared/3007/hdl/processing_system7_vip_v1_0_vl_rfs.sv:7176]
WARNING: [VRFC 10-5021] port 'mb_reset' is not connected on this instance [H:/TesiMagistrale/Github/RISCV_Enc_Load_Store/RISCV-Load-Store-with-OTP-Encription/RISCV_project/RISCV_project.ip_user_files/bd/RISCV_demonstrator/sim/RISCV_demonstrator.v:496]
WARNING: [VRFC 10-5021] port 'ENET0_GMII_RXD' is not connected on this instance [H:/TesiMagistrale/Github/RISCV_Enc_Load_Store/RISCV-Load-Store-with-OTP-Encription/RISCV_project/RISCV_project.ip_user_files/bd/RISCV_demonstrator/ip/RISCV_demonstrator_processing_system7_0_0/sim/RISCV_demonstrator_processing_system7_0_0.v:185]
WARNING: [VRFC 10-3027] 'ocm_wr_strb_port0' was previously declared with a different range [H:/TesiMagistrale/Github/RISCV_Enc_Load_Store/RISCV-Load-Store-with-OTP-Encription/RISCV_project/RISCV_project.gen/sources_1/bd/RISCV_demonstrator/ipshared/3007/hdl/processing_system7_vip_v1_0_vl_rfs.sv:3809]
WARNING: [VRFC 10-5021] port 'aclk2x' is not connected on this instance [/wrk/ci/prod/2021.2/sw/continuous/8687/packages/customer/vivado/data/ip/xilinx/axi_protocol_converter_v2_1/hdl/axi_protocol_converter_v2_1_vl_rfs.v:4376]
WARNING: [VRFC 10-5021] port 'aclk2x' is not connected on this instance [/wrk/ci/prod/2021.2/sw/continuous/8687/packages/customer/vivado/data/ip/xilinx/axi_protocol_converter_v2_1/hdl/axi_protocol_converter_v2_1_vl_rfs.v:4631]
WARNING: [VRFC 10-5021] port 'clk1_i' is not connected on this instance [H:/TesiMagistrale/Github/RISCV_Enc_Load_Store/RISCV-Load-Store-with-OTP-Encription/RISCV_project/RISCV_project.srcs/sources_1/imports/src/tcm/tcm_mem.v:310]
WARNING: [VRFC 10-5021] port 'clk1_i' is not connected on this instance [H:/TesiMagistrale/Github/RISCV_Enc_Load_Store/RISCV-Load-Store-with-OTP-Encription/RISCV_project/RISCV_project.srcs/sources_1/imports/src/tcm/tcm_mem.v:331]
WARNING: [VRFC 10-5021] port 'mb_reset' is not connected on this instance [H:/TesiMagistrale/Github/RISCV_Enc_Load_Store/RISCV-Load-Store-with-OTP-Encription/RISCV_project/RISCV_project.ip_user_files/bd/RISCV_bd/sim/RISCV_bd.v:74]
WARNING: [VRFC 10-3705] select index 64 into 'wrp_strb' is out of bounds [H:/TesiMagistrale/Github/RISCV_Enc_Load_Store/RISCV-Load-Store-with-OTP-Encription/RISCV_project/RISCV_project.gen/sources_1/bd/RISCV_demonstrator/ipshared/3007/hdl/processing_system7_vip_v1_0_vl_rfs.sv:6134]
WARNING: [VRFC 10-3705] select index 128 into 'wrp_strb' is out of bounds [H:/TesiMagistrale/Github/RISCV_Enc_Load_Store/RISCV-Load-Store-with-OTP-Encription/RISCV_project/RISCV_project.gen/sources_1/bd/RISCV_demonstrator/ipshared/3007/hdl/processing_system7_vip_v1_0_vl_rfs.sv:10898]
WARNING: [VRFC 10-3705] select index 128 into 'wrp_strb' is out of bounds [H:/TesiMagistrale/Github/RISCV_Enc_Load_Store/RISCV-Load-Store-with-OTP-Encription/RISCV_project/RISCV_project.gen/sources_1/bd/RISCV_demonstrator/ipshared/3007/hdl/processing_system7_vip_v1_0_vl_rfs.sv:7772]
WARNING: [VRFC 10-3705] select index 4 into 'wr_fifo_rd_ptr' is out of bounds [H:/TesiMagistrale/Github/RISCV_Enc_Load_Store/RISCV-Load-Store-with-OTP-Encription/RISCV_project/RISCV_project.gen/sources_1/bd/RISCV_demonstrator/ipshared/3007/hdl/processing_system7_vip_v1_0_vl_rfs.sv:7985]
WARNING: [VRFC 10-3705] select index 4 into 'ar_cnt' is out of bounds [H:/TesiMagistrale/Github/RISCV_Enc_Load_Store/RISCV-Load-Store-with-OTP-Encription/RISCV_project/RISCV_project.gen/sources_1/bd/RISCV_demonstrator/ipshared/3007/hdl/processing_system7_vip_v1_0_vl_rfs.sv:8124]
WARNING: [VRFC 10-3705] select index 4 into 'wr_rresp_cnt' is out of bounds [H:/TesiMagistrale/Github/RISCV_Enc_Load_Store/RISCV-Load-Store-with-OTP-Encription/RISCV_project/RISCV_project.gen/sources_1/bd/RISCV_demonstrator/ipshared/3007/hdl/processing_system7_vip_v1_0_vl_rfs.sv:8221]
WARNING: [VRFC 10-3705] select index 4 into 'rd_fifo_wr_ptr' is out of bounds [H:/TesiMagistrale/Github/RISCV_Enc_Load_Store/RISCV-Load-Store-with-OTP-Encription/RISCV_project/RISCV_project.gen/sources_1/bd/RISCV_demonstrator/ipshared/3007/hdl/processing_system7_vip_v1_0_vl_rfs.sv:8240]
WARNING: [VRFC 10-3705] select index 4 into 'rd_cnt' is out of bounds [H:/TesiMagistrale/Github/RISCV_Enc_Load_Store/RISCV-Load-Store-with-OTP-Encription/RISCV_project/RISCV_project.gen/sources_1/bd/RISCV_demonstrator/ipshared/3007/hdl/processing_system7_vip_v1_0_vl_rfs.sv:8381]
WARNING: [VRFC 10-3705] select index 4 into 'rresp_time_cnt' is out of bounds [H:/TesiMagistrale/Github/RISCV_Enc_Load_Store/RISCV-Load-Store-with-OTP-Encription/RISCV_project/RISCV_project.gen/sources_1/bd/RISCV_demonstrator/ipshared/3007/hdl/processing_system7_vip_v1_0_vl_rfs.sv:8386]
WARNING: [VRFC 10-3705] select index 4 into 'rd_fifo_rd_ptr' is out of bounds [H:/TesiMagistrale/Github/RISCV_Enc_Load_Store/RISCV-Load-Store-with-OTP-Encription/RISCV_project/RISCV_project.gen/sources_1/bd/RISCV_demonstrator/ipshared/3007/hdl/processing_system7_vip_v1_0_vl_rfs.sv:8391]
Completed static elaboration
INFO: [XSIM 43-4323] No Change in HDL. Linking previously generated obj files to create kernel
