
*** Running vivado
    with args -log RISCV_bd_wrapper.vds -m64 -product Vivado -mode batch -messageDb vivado.pb -notrace -source RISCV_bd_wrapper.tcl



****** Vivado v2021.2 (64-bit)
  **** SW Build 3367213 on Tue Oct 19 02:48:09 MDT 2021
  **** IP Build 3369179 on Thu Oct 21 08:25:16 MDT 2021
    ** Copyright 1986-2021 Xilinx, Inc. All Rights Reserved.

source RISCV_bd_wrapper.tcl -notrace
INFO: [IP_Flow 19-234] Refreshing IP repositories
INFO: [IP_Flow 19-1704] No user IP repositories specified
INFO: [IP_Flow 19-2313] Loaded Vivado IP repository 'H:/TesiMagistrale/Software/Xilinx/Vivado/2021.2/data/ip'.
Command: read_checkpoint -auto_incremental -incremental H:/TesiMagistrale/Github/RISCV_Enc_Load_Store/RISCV-Load-Store-with-OTP-Encription/RISCV_project/RISCV_project.srcs/utils_1/imports/synth_1/RISCV_demonstrator_wrapper.dcp
INFO: [Vivado 12-5825] Read reference checkpoint from H:/TesiMagistrale/Github/RISCV_Enc_Load_Store/RISCV-Load-Store-with-OTP-Encription/RISCV_project/RISCV_project.srcs/utils_1/imports/synth_1/RISCV_demonstrator_wrapper.dcp for incremental synthesis
INFO: [Vivado 12-7989] Please ensure there are no constraint changes
Command: synth_design -top RISCV_bd_wrapper -part xc7z020clg400-1 -directive FewerCarryChains -keep_equivalent_registers -resource_sharing off -no_lc
Starting synth_design
Attempting to get a license for feature 'Synthesis' and/or device 'xc7z020'
INFO: [Common 17-349] Got license for feature 'Synthesis' and/or device 'xc7z020'
INFO: [Device 21-403] Loading part xc7z020clg400-1
WARNING: [Designutils 20-4072] Reference run did not run incremental synthesis because the design is too small; reverting to default synthesis
INFO: [Designutils 20-4379] Flow is switching to default flow due to incremental criteria not met. If you would like to alter this behaviour and have the flow terminate instead, please set the following parameter config_implementation {autoIncr.Synth.RejectBehavior Terminate}
INFO: [Synth 8-7079] Multithreading enabled for synth_design using a maximum of 2 processes.
INFO: [Synth 8-7078] Launching helper process for spawning children vivado processes
INFO: [Synth 8-7075] Helper process launched with PID 63860
---------------------------------------------------------------------------------
Starting RTL Elaboration : Time (s): cpu = 00:00:04 ; elapsed = 00:00:03 . Memory (MB): peak = 1244.469 ; gain = 0.000
---------------------------------------------------------------------------------
INFO: [Synth 8-6157] synthesizing module 'RISCV_bd_wrapper' [H:/TesiMagistrale/Github/RISCV_Enc_Load_Store/RISCV-Load-Store-with-OTP-Encription/RISCV_project/RISCV_project.gen/sources_1/bd/RISCV_bd/hdl/RISCV_bd_wrapper.v:12]
INFO: [Synth 8-6157] synthesizing module 'RISCV_bd' [h:/TesiMagistrale/Github/RISCV_Enc_Load_Store/RISCV-Load-Store-with-OTP-Encription/RISCV_project/RISCV_project.gen/sources_1/bd/RISCV_bd/synth/RISCV_bd.v:13]
INFO: [Synth 8-6157] synthesizing module 'RISCV_bd_axi_gpio_0_0' [H:/TesiMagistrale/Github/RISCV_Enc_Load_Store/RISCV-Load-Store-with-OTP-Encription/RISCV_project/RISCV_project.runs/synth_1/.Xil/Vivado-69300-Gianluca/realtime/RISCV_bd_axi_gpio_0_0_stub.v:6]
INFO: [Synth 8-6155] done synthesizing module 'RISCV_bd_axi_gpio_0_0' (1#1) [H:/TesiMagistrale/Github/RISCV_Enc_Load_Store/RISCV-Load-Store-with-OTP-Encription/RISCV_project/RISCV_project.runs/synth_1/.Xil/Vivado-69300-Gianluca/realtime/RISCV_bd_axi_gpio_0_0_stub.v:6]
INFO: [Synth 8-6157] synthesizing module 'RISCV_bd_clk_wiz_0_0' [H:/TesiMagistrale/Github/RISCV_Enc_Load_Store/RISCV-Load-Store-with-OTP-Encription/RISCV_project/RISCV_project.runs/synth_1/.Xil/Vivado-69300-Gianluca/realtime/RISCV_bd_clk_wiz_0_0_stub.v:5]
INFO: [Synth 8-6155] done synthesizing module 'RISCV_bd_clk_wiz_0_0' (2#1) [H:/TesiMagistrale/Github/RISCV_Enc_Load_Store/RISCV-Load-Store-with-OTP-Encription/RISCV_project/RISCV_project.runs/synth_1/.Xil/Vivado-69300-Gianluca/realtime/RISCV_bd_clk_wiz_0_0_stub.v:5]
INFO: [Synth 8-6157] synthesizing module 'RISCV_bd_proc_sys_reset_0_0' [H:/TesiMagistrale/Github/RISCV_Enc_Load_Store/RISCV-Load-Store-with-OTP-Encription/RISCV_project/RISCV_project.runs/synth_1/.Xil/Vivado-69300-Gianluca/realtime/RISCV_bd_proc_sys_reset_0_0_stub.v:6]
INFO: [Synth 8-6155] done synthesizing module 'RISCV_bd_proc_sys_reset_0_0' (3#1) [H:/TesiMagistrale/Github/RISCV_Enc_Load_Store/RISCV-Load-Store-with-OTP-Encription/RISCV_project/RISCV_project.runs/synth_1/.Xil/Vivado-69300-Gianluca/realtime/RISCV_bd_proc_sys_reset_0_0_stub.v:6]
WARNING: [Synth 8-7071] port 'mb_reset' of module 'RISCV_bd_proc_sys_reset_0_0' is unconnected for instance 'proc_sys_reset_0' [h:/TesiMagistrale/Github/RISCV_Enc_Load_Store/RISCV-Load-Store-with-OTP-Encription/RISCV_project/RISCV_project.gen/sources_1/bd/RISCV_bd/synth/RISCV_bd.v:74]
WARNING: [Synth 8-7071] port 'bus_struct_reset' of module 'RISCV_bd_proc_sys_reset_0_0' is unconnected for instance 'proc_sys_reset_0' [h:/TesiMagistrale/Github/RISCV_Enc_Load_Store/RISCV-Load-Store-with-OTP-Encription/RISCV_project/RISCV_project.gen/sources_1/bd/RISCV_bd/synth/RISCV_bd.v:74]
WARNING: [Synth 8-7071] port 'peripheral_reset' of module 'RISCV_bd_proc_sys_reset_0_0' is unconnected for instance 'proc_sys_reset_0' [h:/TesiMagistrale/Github/RISCV_Enc_Load_Store/RISCV-Load-Store-with-OTP-Encription/RISCV_project/RISCV_project.gen/sources_1/bd/RISCV_bd/synth/RISCV_bd.v:74]
WARNING: [Synth 8-7071] port 'interconnect_aresetn' of module 'RISCV_bd_proc_sys_reset_0_0' is unconnected for instance 'proc_sys_reset_0' [h:/TesiMagistrale/Github/RISCV_Enc_Load_Store/RISCV-Load-Store-with-OTP-Encription/RISCV_project/RISCV_project.gen/sources_1/bd/RISCV_bd/synth/RISCV_bd.v:74]
WARNING: [Synth 8-7023] instance 'proc_sys_reset_0' of module 'RISCV_bd_proc_sys_reset_0_0' has 10 connections declared, but only 6 given [h:/TesiMagistrale/Github/RISCV_Enc_Load_Store/RISCV-Load-Store-with-OTP-Encription/RISCV_project/RISCV_project.gen/sources_1/bd/RISCV_bd/synth/RISCV_bd.v:74]
INFO: [Synth 8-6157] synthesizing module 'RISCV_bd_riscv_wrapper_0_1' [H:/TesiMagistrale/Github/RISCV_Enc_Load_Store/RISCV-Load-Store-with-OTP-Encription/RISCV_project/RISCV_project.runs/synth_1/.Xil/Vivado-69300-Gianluca/realtime/RISCV_bd_riscv_wrapper_0_1_stub.v:6]
INFO: [Synth 8-6155] done synthesizing module 'RISCV_bd_riscv_wrapper_0_1' (4#1) [H:/TesiMagistrale/Github/RISCV_Enc_Load_Store/RISCV-Load-Store-with-OTP-Encription/RISCV_project/RISCV_project.runs/synth_1/.Xil/Vivado-69300-Gianluca/realtime/RISCV_bd_riscv_wrapper_0_1_stub.v:6]
WARNING: [Synth 8-7071] port 's_axil_awready' of module 'RISCV_bd_riscv_wrapper_0_1' is unconnected for instance 'riscv_wrapper_0' [h:/TesiMagistrale/Github/RISCV_Enc_Load_Store/RISCV-Load-Store-with-OTP-Encription/RISCV_project/RISCV_project.gen/sources_1/bd/RISCV_bd/synth/RISCV_bd.v:81]
WARNING: [Synth 8-7071] port 's_axil_wready' of module 'RISCV_bd_riscv_wrapper_0_1' is unconnected for instance 'riscv_wrapper_0' [h:/TesiMagistrale/Github/RISCV_Enc_Load_Store/RISCV-Load-Store-with-OTP-Encription/RISCV_project/RISCV_project.gen/sources_1/bd/RISCV_bd/synth/RISCV_bd.v:81]
WARNING: [Synth 8-7071] port 's_axil_bresp' of module 'RISCV_bd_riscv_wrapper_0_1' is unconnected for instance 'riscv_wrapper_0' [h:/TesiMagistrale/Github/RISCV_Enc_Load_Store/RISCV-Load-Store-with-OTP-Encription/RISCV_project/RISCV_project.gen/sources_1/bd/RISCV_bd/synth/RISCV_bd.v:81]
WARNING: [Synth 8-7071] port 's_axil_bvalid' of module 'RISCV_bd_riscv_wrapper_0_1' is unconnected for instance 'riscv_wrapper_0' [h:/TesiMagistrale/Github/RISCV_Enc_Load_Store/RISCV-Load-Store-with-OTP-Encription/RISCV_project/RISCV_project.gen/sources_1/bd/RISCV_bd/synth/RISCV_bd.v:81]
WARNING: [Synth 8-7071] port 's_axil_arready' of module 'RISCV_bd_riscv_wrapper_0_1' is unconnected for instance 'riscv_wrapper_0' [h:/TesiMagistrale/Github/RISCV_Enc_Load_Store/RISCV-Load-Store-with-OTP-Encription/RISCV_project/RISCV_project.gen/sources_1/bd/RISCV_bd/synth/RISCV_bd.v:81]
WARNING: [Synth 8-7071] port 's_axil_rdata' of module 'RISCV_bd_riscv_wrapper_0_1' is unconnected for instance 'riscv_wrapper_0' [h:/TesiMagistrale/Github/RISCV_Enc_Load_Store/RISCV-Load-Store-with-OTP-Encription/RISCV_project/RISCV_project.gen/sources_1/bd/RISCV_bd/synth/RISCV_bd.v:81]
WARNING: [Synth 8-7071] port 's_axil_rresp' of module 'RISCV_bd_riscv_wrapper_0_1' is unconnected for instance 'riscv_wrapper_0' [h:/TesiMagistrale/Github/RISCV_Enc_Load_Store/RISCV-Load-Store-with-OTP-Encription/RISCV_project/RISCV_project.gen/sources_1/bd/RISCV_bd/synth/RISCV_bd.v:81]
WARNING: [Synth 8-7071] port 's_axil_rvalid' of module 'RISCV_bd_riscv_wrapper_0_1' is unconnected for instance 'riscv_wrapper_0' [h:/TesiMagistrale/Github/RISCV_Enc_Load_Store/RISCV-Load-Store-with-OTP-Encription/RISCV_project/RISCV_project.gen/sources_1/bd/RISCV_bd/synth/RISCV_bd.v:81]
WARNING: [Synth 8-7071] port 'm_axil_awprot' of module 'RISCV_bd_riscv_wrapper_0_1' is unconnected for instance 'riscv_wrapper_0' [h:/TesiMagistrale/Github/RISCV_Enc_Load_Store/RISCV-Load-Store-with-OTP-Encription/RISCV_project/RISCV_project.gen/sources_1/bd/RISCV_bd/synth/RISCV_bd.v:81]
WARNING: [Synth 8-7071] port 'm_axil_arprot' of module 'RISCV_bd_riscv_wrapper_0_1' is unconnected for instance 'riscv_wrapper_0' [h:/TesiMagistrale/Github/RISCV_Enc_Load_Store/RISCV-Load-Store-with-OTP-Encription/RISCV_project/RISCV_project.gen/sources_1/bd/RISCV_bd/synth/RISCV_bd.v:81]
WARNING: [Synth 8-7023] instance 'riscv_wrapper_0' of module 'RISCV_bd_riscv_wrapper_0_1' has 40 connections declared, but only 30 given [h:/TesiMagistrale/Github/RISCV_Enc_Load_Store/RISCV-Load-Store-with-OTP-Encription/RISCV_project/RISCV_project.gen/sources_1/bd/RISCV_bd/synth/RISCV_bd.v:81]
INFO: [Synth 8-6155] done synthesizing module 'RISCV_bd' (5#1) [h:/TesiMagistrale/Github/RISCV_Enc_Load_Store/RISCV-Load-Store-with-OTP-Encription/RISCV_project/RISCV_project.gen/sources_1/bd/RISCV_bd/synth/RISCV_bd.v:13]
INFO: [Synth 8-6155] done synthesizing module 'RISCV_bd_wrapper' (6#1) [H:/TesiMagistrale/Github/RISCV_Enc_Load_Store/RISCV-Load-Store-with-OTP-Encription/RISCV_project/RISCV_project.gen/sources_1/bd/RISCV_bd/hdl/RISCV_bd_wrapper.v:12]
---------------------------------------------------------------------------------
Finished RTL Elaboration : Time (s): cpu = 00:00:04 ; elapsed = 00:00:04 . Memory (MB): peak = 1244.469 ; gain = 0.000
---------------------------------------------------------------------------------
---------------------------------------------------------------------------------
Start Handling Custom Attributes
---------------------------------------------------------------------------------
---------------------------------------------------------------------------------
Finished Handling Custom Attributes : Time (s): cpu = 00:00:05 ; elapsed = 00:00:05 . Memory (MB): peak = 1244.469 ; gain = 0.000
---------------------------------------------------------------------------------
---------------------------------------------------------------------------------
Finished RTL Optimization Phase 1 : Time (s): cpu = 00:00:05 ; elapsed = 00:00:05 . Memory (MB): peak = 1244.469 ; gain = 0.000
---------------------------------------------------------------------------------
Netlist sorting complete. Time (s): cpu = 00:00:00 ; elapsed = 00:00:00.001 . Memory (MB): peak = 1244.469 ; gain = 0.000
INFO: [Project 1-570] Preparing netlist for logic optimization

Processing XDC Constraints
Initializing timing engine
Parsing XDC File [h:/TesiMagistrale/Github/RISCV_Enc_Load_Store/RISCV-Load-Store-with-OTP-Encription/RISCV_project/RISCV_project.gen/sources_1/bd/RISCV_bd/ip/RISCV_bd_clk_wiz_0_0/RISCV_bd_clk_wiz_0_0/RISCV_bd_clk_wiz_0_0_in_context.xdc] for cell 'RISCV_bd_i/clk_wiz_0'
Finished Parsing XDC File [h:/TesiMagistrale/Github/RISCV_Enc_Load_Store/RISCV-Load-Store-with-OTP-Encription/RISCV_project/RISCV_project.gen/sources_1/bd/RISCV_bd/ip/RISCV_bd_clk_wiz_0_0/RISCV_bd_clk_wiz_0_0/RISCV_bd_clk_wiz_0_0_in_context.xdc] for cell 'RISCV_bd_i/clk_wiz_0'
Parsing XDC File [h:/TesiMagistrale/Github/RISCV_Enc_Load_Store/RISCV-Load-Store-with-OTP-Encription/RISCV_project/RISCV_project.gen/sources_1/bd/RISCV_bd/ip/RISCV_bd_proc_sys_reset_0_0/RISCV_bd_proc_sys_reset_0_0/RISCV_bd_proc_sys_reset_0_0_in_context.xdc] for cell 'RISCV_bd_i/proc_sys_reset_0'
Finished Parsing XDC File [h:/TesiMagistrale/Github/RISCV_Enc_Load_Store/RISCV-Load-Store-with-OTP-Encription/RISCV_project/RISCV_project.gen/sources_1/bd/RISCV_bd/ip/RISCV_bd_proc_sys_reset_0_0/RISCV_bd_proc_sys_reset_0_0/RISCV_bd_proc_sys_reset_0_0_in_context.xdc] for cell 'RISCV_bd_i/proc_sys_reset_0'
Parsing XDC File [h:/TesiMagistrale/Github/RISCV_Enc_Load_Store/RISCV-Load-Store-with-OTP-Encription/RISCV_project/RISCV_project.gen/sources_1/bd/RISCV_bd/ip/RISCV_bd_axi_gpio_0_0/RISCV_bd_axi_gpio_0_0/RISCV_bd_axi_gpio_0_0_in_context.xdc] for cell 'RISCV_bd_i/axi_gpio_0'
Finished Parsing XDC File [h:/TesiMagistrale/Github/RISCV_Enc_Load_Store/RISCV-Load-Store-with-OTP-Encription/RISCV_project/RISCV_project.gen/sources_1/bd/RISCV_bd/ip/RISCV_bd_axi_gpio_0_0/RISCV_bd_axi_gpio_0_0/RISCV_bd_axi_gpio_0_0_in_context.xdc] for cell 'RISCV_bd_i/axi_gpio_0'
Parsing XDC File [h:/TesiMagistrale/Github/RISCV_Enc_Load_Store/RISCV-Load-Store-with-OTP-Encription/RISCV_project/RISCV_project.gen/sources_1/bd/RISCV_bd/ip/RISCV_bd_riscv_wrapper_0_1/RISCV_bd_riscv_wrapper_0_1/RISCV_bd_riscv_wrapper_0_1_in_context.xdc] for cell 'RISCV_bd_i/riscv_wrapper_0'
Finished Parsing XDC File [h:/TesiMagistrale/Github/RISCV_Enc_Load_Store/RISCV-Load-Store-with-OTP-Encription/RISCV_project/RISCV_project.gen/sources_1/bd/RISCV_bd/ip/RISCV_bd_riscv_wrapper_0_1/RISCV_bd_riscv_wrapper_0_1/RISCV_bd_riscv_wrapper_0_1_in_context.xdc] for cell 'RISCV_bd_i/riscv_wrapper_0'
Parsing XDC File [H:/TesiMagistrale/Github/RISCV_Enc_Load_Store/RISCV-Load-Store-with-OTP-Encription/RISCV_project/RISCV_project.srcs/constrs_1/new/Zybo_Z7_Master.xdc]
Finished Parsing XDC File [H:/TesiMagistrale/Github/RISCV_Enc_Load_Store/RISCV-Load-Store-with-OTP-Encription/RISCV_project/RISCV_project.srcs/constrs_1/new/Zybo_Z7_Master.xdc]
INFO: [Project 1-236] Implementation specific constraints were found while reading constraint file [H:/TesiMagistrale/Github/RISCV_Enc_Load_Store/RISCV-Load-Store-with-OTP-Encription/RISCV_project/RISCV_project.srcs/constrs_1/new/Zybo_Z7_Master.xdc]. These constraints will be ignored for synthesis but will be used in implementation. Impacted constraints are listed in the file [.Xil/RISCV_bd_wrapper_propImpl.xdc].
Resolution: To avoid this warning, move constraints listed in [.Xil/RISCV_bd_wrapper_propImpl.xdc] to another XDC file and exclude this new file from synthesis with the used_in_synthesis property (File Properties dialog in GUI) and re-run elaboration/synthesis.
Parsing XDC File [H:/TesiMagistrale/Github/RISCV_Enc_Load_Store/RISCV-Load-Store-with-OTP-Encription/RISCV_project/RISCV_project.runs/synth_1/dont_touch.xdc]
Finished Parsing XDC File [H:/TesiMagistrale/Github/RISCV_Enc_Load_Store/RISCV-Load-Store-with-OTP-Encription/RISCV_project/RISCV_project.runs/synth_1/dont_touch.xdc]
Completed Processing XDC Constraints

Netlist sorting complete. Time (s): cpu = 00:00:00 ; elapsed = 00:00:00 . Memory (MB): peak = 1244.469 ; gain = 0.000
INFO: [Project 1-111] Unisim Transformation Summary:
No Unisim elements were transformed.

Constraint Validation Runtime : Time (s): cpu = 00:00:00 ; elapsed = 00:00:00.002 . Memory (MB): peak = 1244.469 ; gain = 0.000
WARNING: [Designutils 20-4072] Reference run did not run incremental synthesis because the design is too small; reverting to default synthesis
INFO: [Designutils 20-4379] Flow is switching to default flow due to incremental criteria not met. If you would like to alter this behaviour and have the flow terminate instead, please set the following parameter config_implementation {autoIncr.Synth.RejectBehavior Terminate}
---------------------------------------------------------------------------------
Finished Constraint Validation : Time (s): cpu = 00:00:10 ; elapsed = 00:00:10 . Memory (MB): peak = 1244.469 ; gain = 0.000
---------------------------------------------------------------------------------
---------------------------------------------------------------------------------
Start Loading Part and Timing Information
---------------------------------------------------------------------------------
Loading part: xc7z020clg400-1
---------------------------------------------------------------------------------
Finished Loading Part and Timing Information : Time (s): cpu = 00:00:10 ; elapsed = 00:00:10 . Memory (MB): peak = 1244.469 ; gain = 0.000
---------------------------------------------------------------------------------
---------------------------------------------------------------------------------
Start Applying 'set_property' XDC Constraints
---------------------------------------------------------------------------------
Applied set_property IO_BUFFER_TYPE = NONE for sysclk. (constraint file  h:/TesiMagistrale/Github/RISCV_Enc_Load_Store/RISCV-Load-Store-with-OTP-Encription/RISCV_project/RISCV_project.gen/sources_1/bd/RISCV_bd/ip/RISCV_bd_clk_wiz_0_0/RISCV_bd_clk_wiz_0_0/RISCV_bd_clk_wiz_0_0_in_context.xdc, line 3).
Applied set_property CLOCK_BUFFER_TYPE = NONE for sysclk. (constraint file  h:/TesiMagistrale/Github/RISCV_Enc_Load_Store/RISCV-Load-Store-with-OTP-Encription/RISCV_project/RISCV_project.gen/sources_1/bd/RISCV_bd/ip/RISCV_bd_clk_wiz_0_0/RISCV_bd_clk_wiz_0_0/RISCV_bd_clk_wiz_0_0_in_context.xdc, line 4).
Applied set_property KEEP_HIERARCHY = SOFT for RISCV_bd_i. (constraint file  auto generated constraint).
Applied set_property KEEP_HIERARCHY = SOFT for RISCV_bd_i/clk_wiz_0. (constraint file  auto generated constraint).
Applied set_property KEEP_HIERARCHY = SOFT for RISCV_bd_i/proc_sys_reset_0. (constraint file  auto generated constraint).
Applied set_property KEEP_HIERARCHY = SOFT for RISCV_bd_i/axi_gpio_0. (constraint file  auto generated constraint).
Applied set_property KEEP_HIERARCHY = SOFT for RISCV_bd_i/riscv_wrapper_0. (constraint file  auto generated constraint).
---------------------------------------------------------------------------------
Finished applying 'set_property' XDC Constraints : Time (s): cpu = 00:00:10 ; elapsed = 00:00:10 . Memory (MB): peak = 1244.469 ; gain = 0.000
---------------------------------------------------------------------------------
---------------------------------------------------------------------------------
Finished RTL Optimization Phase 2 : Time (s): cpu = 00:00:10 ; elapsed = 00:00:10 . Memory (MB): peak = 1244.469 ; gain = 0.000
---------------------------------------------------------------------------------
---------------------------------------------------------------------------------
Start RTL Component Statistics 
---------------------------------------------------------------------------------
Detailed RTL Component Info : 
---------------------------------------------------------------------------------
Finished RTL Component Statistics 
---------------------------------------------------------------------------------
---------------------------------------------------------------------------------
Start Part Resource Summary
---------------------------------------------------------------------------------
Part Resources:
DSPs: 220 (col length:60)
BRAMs: 280 (col length: RAMB18 60 RAMB36 30)
---------------------------------------------------------------------------------
Finished Part Resource Summary
---------------------------------------------------------------------------------
---------------------------------------------------------------------------------
Start Cross Boundary and Area Optimization
---------------------------------------------------------------------------------
WARNING: [Synth 8-7080] Parallel synthesis criteria is not met
---------------------------------------------------------------------------------
Finished Cross Boundary and Area Optimization : Time (s): cpu = 00:00:11 ; elapsed = 00:00:11 . Memory (MB): peak = 1244.469 ; gain = 0.000
---------------------------------------------------------------------------------
---------------------------------------------------------------------------------
Start Applying XDC Timing Constraints
---------------------------------------------------------------------------------
---------------------------------------------------------------------------------
Finished Applying XDC Timing Constraints : Time (s): cpu = 00:00:15 ; elapsed = 00:00:15 . Memory (MB): peak = 1244.469 ; gain = 0.000
---------------------------------------------------------------------------------
---------------------------------------------------------------------------------
Start Timing Optimization
---------------------------------------------------------------------------------
---------------------------------------------------------------------------------
Finished Timing Optimization : Time (s): cpu = 00:00:15 ; elapsed = 00:00:15 . Memory (MB): peak = 1244.469 ; gain = 0.000
---------------------------------------------------------------------------------
---------------------------------------------------------------------------------
Start Technology Mapping
---------------------------------------------------------------------------------
---------------------------------------------------------------------------------
Finished Technology Mapping : Time (s): cpu = 00:00:15 ; elapsed = 00:00:15 . Memory (MB): peak = 1244.469 ; gain = 0.000
---------------------------------------------------------------------------------
---------------------------------------------------------------------------------
Start IO Insertion
---------------------------------------------------------------------------------
---------------------------------------------------------------------------------
Start Flattening Before IO Insertion
---------------------------------------------------------------------------------
---------------------------------------------------------------------------------
Finished Flattening Before IO Insertion
---------------------------------------------------------------------------------
---------------------------------------------------------------------------------
Start Final Netlist Cleanup
---------------------------------------------------------------------------------
---------------------------------------------------------------------------------
Finished Final Netlist Cleanup
---------------------------------------------------------------------------------
---------------------------------------------------------------------------------
Finished IO Insertion : Time (s): cpu = 00:00:18 ; elapsed = 00:00:18 . Memory (MB): peak = 1244.469 ; gain = 0.000
---------------------------------------------------------------------------------
---------------------------------------------------------------------------------
Start Renaming Generated Instances
---------------------------------------------------------------------------------
---------------------------------------------------------------------------------
Finished Renaming Generated Instances : Time (s): cpu = 00:00:18 ; elapsed = 00:00:18 . Memory (MB): peak = 1244.469 ; gain = 0.000
---------------------------------------------------------------------------------
---------------------------------------------------------------------------------
Start Rebuilding User Hierarchy
---------------------------------------------------------------------------------
---------------------------------------------------------------------------------
Finished Rebuilding User Hierarchy : Time (s): cpu = 00:00:18 ; elapsed = 00:00:18 . Memory (MB): peak = 1244.469 ; gain = 0.000
---------------------------------------------------------------------------------
---------------------------------------------------------------------------------
Start Renaming Generated Ports
---------------------------------------------------------------------------------
---------------------------------------------------------------------------------
Finished Renaming Generated Ports : Time (s): cpu = 00:00:18 ; elapsed = 00:00:18 . Memory (MB): peak = 1244.469 ; gain = 0.000
---------------------------------------------------------------------------------
---------------------------------------------------------------------------------
Start Handling Custom Attributes
---------------------------------------------------------------------------------
---------------------------------------------------------------------------------
Finished Handling Custom Attributes : Time (s): cpu = 00:00:18 ; elapsed = 00:00:18 . Memory (MB): peak = 1244.469 ; gain = 0.000
---------------------------------------------------------------------------------
---------------------------------------------------------------------------------
Start Renaming Generated Nets
---------------------------------------------------------------------------------
---------------------------------------------------------------------------------
Finished Renaming Generated Nets : Time (s): cpu = 00:00:18 ; elapsed = 00:00:18 . Memory (MB): peak = 1244.469 ; gain = 0.000
---------------------------------------------------------------------------------
---------------------------------------------------------------------------------
Start Writing Synthesis Report
---------------------------------------------------------------------------------

Report BlackBoxes: 
+------+----------------------------+----------+
|      |BlackBox name               |Instances |
+------+----------------------------+----------+
|1     |RISCV_bd_axi_gpio_0_0       |         1|
|2     |RISCV_bd_clk_wiz_0_0        |         1|
|3     |RISCV_bd_proc_sys_reset_0_0 |         1|
|4     |RISCV_bd_riscv_wrapper_0_1  |         1|
+------+----------------------------+----------+

Report Cell Usage: 
+------+--------------------------+------+
|      |Cell                      |Count |
+------+--------------------------+------+
|1     |RISCV_bd_axi_gpio_0       |     1|
|2     |RISCV_bd_clk_wiz_0        |     1|
|3     |RISCV_bd_proc_sys_reset_0 |     1|
|4     |RISCV_bd_riscv_wrapper_0  |     1|
|5     |IBUF                      |     1|
|6     |OBUF                      |     3|
+------+--------------------------+------+
---------------------------------------------------------------------------------
Finished Writing Synthesis Report : Time (s): cpu = 00:00:18 ; elapsed = 00:00:18 . Memory (MB): peak = 1244.469 ; gain = 0.000
---------------------------------------------------------------------------------
Synthesis finished with 0 errors, 0 critical warnings and 1 warnings.
Synthesis Optimization Runtime : Time (s): cpu = 00:00:12 ; elapsed = 00:00:16 . Memory (MB): peak = 1244.469 ; gain = 0.000
Synthesis Optimization Complete : Time (s): cpu = 00:00:18 ; elapsed = 00:00:18 . Memory (MB): peak = 1244.469 ; gain = 0.000
INFO: [Project 1-571] Translating synthesized netlist
Netlist sorting complete. Time (s): cpu = 00:00:00 ; elapsed = 00:00:00.001 . Memory (MB): peak = 1244.469 ; gain = 0.000
INFO: [Project 1-570] Preparing netlist for logic optimization
INFO: [Opt 31-138] Pushed 0 inverter(s) to 0 load pin(s).
Netlist sorting complete. Time (s): cpu = 00:00:00 ; elapsed = 00:00:00 . Memory (MB): peak = 1257.625 ; gain = 0.000
INFO: [Project 1-111] Unisim Transformation Summary:
No Unisim elements were transformed.

Synth Design complete, checksum: 27f049af
INFO: [Common 17-83] Releasing license: Synthesis
32 Infos, 19 Warnings, 0 Critical Warnings and 0 Errors encountered.
synth_design completed successfully
synth_design: Time (s): cpu = 00:00:21 ; elapsed = 00:00:21 . Memory (MB): peak = 1257.625 ; gain = 13.156
INFO: [Common 17-1381] The checkpoint 'H:/TesiMagistrale/Github/RISCV_Enc_Load_Store/RISCV-Load-Store-with-OTP-Encription/RISCV_project/RISCV_project.runs/synth_1/RISCV_bd_wrapper.dcp' has been generated.
INFO: [runtcl-4] Executing : report_utilization -file RISCV_bd_wrapper_utilization_synth.rpt -pb RISCV_bd_wrapper_utilization_synth.pb
INFO: [Common 17-206] Exiting Vivado at Fri Oct 13 22:12:43 2023...
